---------- 8 Points out of 10 Points ---------
---------- 6 Errors out of 42 Tests ----------

Error in Component: grdSalesStaff
                 Property: Width
               Expected: 514
              But Found: 524

Error in Component: FormClassIndividual
                 Property: Height
               Expected: 310
              But Found: 274

Error in Component: FormClassIndividual
                 Property: Width
               Expected: 590
              But Found: 576

Error in Component: txtPosition
          Property: Text
    Should Contain: 1
         But Found: 
Error in Component: txtPosition
          Property: Text
    Should Contain: 2
         But Found: 
Error in Component: txtPosition
          Property: Text
    Should Contain: 1
         But Found: 
